<?xml version="1.0" encoding="UTF-8"?>
<testsuite name="TriangleTest" tests="5" skipped="0" failures="0" errors="0" timestamp="2023-03-12T02:29:36" hostname="SKY-20201115VUU" time="0.02">
  <properties/>
  <testcase name="绛夎叞涓夎褰�" classname="TriangleTest" time="0.017"/>
  <testcase name="绛夎竟涓夎褰�" classname="TriangleTest" time="0.001"/>
  <testcase name="杈撳叆閿欒" classname="TriangleTest" time="0.001"/>
  <testcase name="涓�鑸笁瑙掑舰" classname="TriangleTest" time="0.001"/>
  <testcase name="闈炰笁瑙掑舰" classname="TriangleTest" time="0.0"/>
  <system-out><![CDATA[]]></system-out>
  <system-err><![CDATA[]]></system-err>
</testsuite>
